------------------------------------------------------------------------------------------------------------------------

[2015-04-27 12:08:36 #1 store] 
Database '/home/asen/ChatProject/dbc:derby:/home/asen/MyDB' is opened by 8309@asen-desktop

[2015-04-27 12:08:36 #2 type.registry] 
New type ChatProject.rest.Todo

[2015-04-27 12:08:36 #3 type] 
Type ChatProject.rest.Todo is not enhanced.

------------------------------------------------------------------------------------------------------------------------

[2015-04-27 12:08:39 #1 store] 
Database '/home/asen/ChatProject/dbc:derby:/home/asen/MyDB' has been recovered (tr. 1-4)

[2015-04-27 12:08:40 #2 store] 
Database '/home/asen/ChatProject/dbc:derby:/home/asen/MyDB' is opened by 8328@asen-desktop

[2015-04-27 12:08:40 #3 type] 
Type ChatProject.rest.Todo is not enhanced.

------------------------------------------------------------------------------------------------------------------------

[2015-04-27 12:08:41 #1 store] 
Database '/home/asen/ChatProject/dbc:derby:/home/asen/MyDB' has been recovered (tr. 5-5)

[2015-04-27 12:08:41 #2 store] 
Database '/home/asen/ChatProject/dbc:derby:/home/asen/MyDB' is opened by 8347@asen-desktop

[2015-04-27 12:08:41 #3 type] 
Type ChatProject.rest.Todo is not enhanced.

------------------------------------------------------------------------------------------------------------------------

[2015-04-27 12:08:43 #1 store] 
Database '/home/asen/ChatProject/dbc:derby:/home/asen/MyDB' has been recovered (tr. 6-6)

[2015-04-27 12:08:43 #2 store] 
Database '/home/asen/ChatProject/dbc:derby:/home/asen/MyDB' is opened by 8366@asen-desktop

[2015-04-27 12:08:43 #3 type] 
Type ChatProject.rest.Todo is not enhanced.

------------------------------------------------------------------------------------------------------------------------

[2015-04-27 12:08:46 #1 store] 
Database '/home/asen/ChatProject/dbc:derby:/home/asen/MyDB' has been recovered (tr. 7-7)

[2015-04-27 12:08:46 #2 store] 
Database '/home/asen/ChatProject/dbc:derby:/home/asen/MyDB' is opened by 8385@asen-desktop

[2015-04-27 12:08:46 #3 type] 
Type ChatProject.rest.Todo is not enhanced.

------------------------------------------------------------------------------------------------------------------------

[2015-04-27 12:12:46 #1 store] 
Database '/home/asen/ChatProject/dbc:derby:/home/asen/MyDB' has been recovered (tr. 8-8)

[2015-04-27 12:12:46 #2 store] 
Database '/home/asen/ChatProject/dbc:derby:/home/asen/MyDB' is opened by 8481@asen-desktop

[2015-04-27 12:12:46 #3 type] 
Type ChatProject.rest.Todo is not enhanced.

[2015-04-27 12:12:46 #4 type.registry] 
New type ChatProject.rest.User

[2015-04-27 12:12:46 #5 type] 
Type ChatProject.rest.User is not enhanced.

------------------------------------------------------------------------------------------------------------------------

[2015-04-27 12:12:52 #1 store] 
Database '/home/asen/ChatProject/dbc:derby:/home/asen/MyDB' has been recovered (tr. 9-10)

[2015-04-27 12:12:52 #2 store] 
Database '/home/asen/ChatProject/dbc:derby:/home/asen/MyDB' is opened by 8504@asen-desktop

[2015-04-27 12:12:52 #3 type] 
Type ChatProject.rest.Todo is not enhanced.

[2015-04-27 12:12:52 #4 type] 
Type ChatProject.rest.User is not enhanced.

------------------------------------------------------------------------------------------------------------------------

[2015-04-27 12:12:54 #1 store] 
Database '/home/asen/ChatProject/dbc:derby:/home/asen/MyDB' has been recovered (tr. 11-11)

[2015-04-27 12:12:54 #2 store] 
Database '/home/asen/ChatProject/dbc:derby:/home/asen/MyDB' is opened by 8523@asen-desktop

[2015-04-27 12:12:54 #3 type] 
Type ChatProject.rest.Todo is not enhanced.

[2015-04-27 12:12:54 #4 type] 
Type ChatProject.rest.User is not enhanced.

------------------------------------------------------------------------------------------------------------------------

[2015-04-27 12:12:55 #1 store] 
Database '/home/asen/ChatProject/dbc:derby:/home/asen/MyDB' has been recovered (tr. 12-12)

[2015-04-27 12:12:56 #2 store] 
Database '/home/asen/ChatProject/dbc:derby:/home/asen/MyDB' is opened by 8542@asen-desktop

[2015-04-27 12:12:56 #3 type] 
Type ChatProject.rest.Todo is not enhanced.

[2015-04-27 12:12:56 #4 type] 
Type ChatProject.rest.User is not enhanced.

------------------------------------------------------------------------------------------------------------------------

[2015-04-27 12:12:58 #1 store] 
Database '/home/asen/ChatProject/dbc:derby:/home/asen/MyDB' has been recovered (tr. 13-13)

[2015-04-27 12:12:58 #2 store] 
Database '/home/asen/ChatProject/dbc:derby:/home/asen/MyDB' is opened by 8561@asen-desktop

[2015-04-27 12:12:58 #3 type] 
Type ChatProject.rest.Todo is not enhanced.

[2015-04-27 12:12:58 #4 type] 
Type ChatProject.rest.User is not enhanced.

------------------------------------------------------------------------------------------------------------------------

[2015-04-27 14:59:47 #1 store] 
Database '/home/asen/ChatProject/dbc:derby:/home/asen/MyDB' has been recovered (tr. 14-14)

[2015-04-27 14:59:47 #2 store] 
Database '/home/asen/ChatProject/dbc:derby:/home/asen/MyDB' is opened by 12171@asen-desktop

[2015-04-27 14:59:47 #3 type] 
Type ChatProject.rest.Todo is not enhanced.

[2015-04-27 14:59:47 #4 type] 
Type ChatProject.rest.User is not enhanced.

------------------------------------------------------------------------------------------------------------------------

[2015-04-27 16:31:51 #1 store] 
Database '/home/asen/ChatProject/dbc:derby:/home/asen/MyDB' has been recovered (tr. 15-15)

[2015-04-27 16:31:51 #2 store] 
Database '/home/asen/ChatProject/dbc:derby:/home/asen/MyDB' is opened by 14073@asen-desktop

[2015-04-27 16:31:51 #3 type.registry] 
New type rest.Data

[2015-04-27 16:31:51 #4 type] 
Type rest.Data is not enhanced.

------------------------------------------------------------------------------------------------------------------------

[2015-04-27 16:31:56 #1 store] 
Database '/home/asen/ChatProject/dbc:derby:/home/asen/MyDB' has been recovered (tr. 16-17)

[2015-04-27 16:31:56 #2 store] 
Database '/home/asen/ChatProject/dbc:derby:/home/asen/MyDB' is opened by 14102@asen-desktop

[2015-04-27 16:31:56 #3 type] 
Type rest.Data is not enhanced.

------------------------------------------------------------------------------------------------------------------------

[2015-04-27 16:32:03 #1 store] 
Database '/home/asen/ChatProject/dbc:derby:/home/asen/MyDB' has been recovered (tr. 18-18)

[2015-04-27 16:32:03 #2 store] 
Database '/home/asen/ChatProject/dbc:derby:/home/asen/MyDB' is opened by 14121@asen-desktop

[2015-04-27 16:32:03 #3 type] 
Type rest.Data is not enhanced.

------------------------------------------------------------------------------------------------------------------------

[2015-04-27 17:28:59 #1 store] 
Database '/home/asen/ChatProject/dbc:derby:/home/asen/MyDB' has been recovered (tr. 19-19)

[2015-04-27 17:28:59 #2 store] 
Database '/home/asen/ChatProject/dbc:derby:/home/asen/MyDB' is opened by 15620@asen-desktop

[2015-04-27 17:29:00 #3 type] 
Type rest.Data is not enhanced.

------------------------------------------------------------------------------------------------------------------------

[2015-04-27 17:29:15 #1 store] 
Database '/home/asen/ChatProject/dbc:derby:/home/asen/MyDB' has been recovered (tr. 20-20)

[2015-04-27 17:29:15 #2 store] 
Database '/home/asen/ChatProject/dbc:derby:/home/asen/MyDB' is opened by 15644@asen-desktop

[2015-04-27 17:29:15 #3 type] 
Type rest.Data is not enhanced.

------------------------------------------------------------------------------------------------------------------------

[2015-04-27 17:29:17 #1 store] 
Database '/home/asen/ChatProject/dbc:derby:/home/asen/MyDB' has been recovered (tr. 21-21)

[2015-04-27 17:29:17 #2 store] 
Database '/home/asen/ChatProject/dbc:derby:/home/asen/MyDB' is opened by 15663@asen-desktop

[2015-04-27 17:29:17 #3 type] 
Type rest.Data is not enhanced.

------------------------------------------------------------------------------------------------------------------------

[2015-04-27 17:32:32 #1 store] 
Database '/home/asen/ChatProject/dbc:derby:/home/asen/MyDB' has been recovered (tr. 22-22)

[2015-04-27 17:32:32 #2 store] 
Database '/home/asen/ChatProject/dbc:derby:/home/asen/MyDB' is opened by 15843@asen-desktop

[2015-04-27 17:32:32 #3 type] 
Type rest.Data is not enhanced.

------------------------------------------------------------------------------------------------------------------------

[2015-04-27 17:32:35 #1 store] 
Database '/home/asen/ChatProject/dbc:derby:/home/asen/MyDB' has been recovered (tr. 23-23)

[2015-04-27 17:32:35 #2 store] 
Database '/home/asen/ChatProject/dbc:derby:/home/asen/MyDB' is opened by 15864@asen-desktop

[2015-04-27 17:32:35 #3 type] 
Type rest.Data is not enhanced.

------------------------------------------------------------------------------------------------------------------------

[2015-04-27 17:32:42 #1 store] 
Database '/home/asen/ChatProject/dbc:derby:/home/asen/MyDB' has been recovered (tr. 24-24)

[2015-04-27 17:32:42 #2 store] 
Database '/home/asen/ChatProject/dbc:derby:/home/asen/MyDB' is opened by 15884@asen-desktop

[2015-04-27 17:32:42 #3 type] 
Type rest.Data is not enhanced.

------------------------------------------------------------------------------------------------------------------------

[2015-04-27 17:33:13 #1 store] 
Database '/home/asen/ChatProject/dbc:derby:/home/asen/MyDB' has been recovered (tr. 25-25)

[2015-04-27 17:33:13 #2 store] 
Database '/home/asen/ChatProject/dbc:derby:/home/asen/MyDB' is opened by 15906@asen-desktop

[2015-04-27 17:33:13 #3 type] 
Type rest.Data is not enhanced.

------------------------------------------------------------------------------------------------------------------------

[2015-04-27 17:38:25 #1 store] 
Database '/home/asen/ChatProject/dbc:derby:/home/asen/MyDB' has been recovered (tr. 26-26)

[2015-04-27 17:38:25 #2 store] 
Database '/home/asen/ChatProject/dbc:derby:/home/asen/MyDB' is opened by 16066@asen-desktop

[2015-04-27 17:38:25 #3 type] 
Type rest.Data is not enhanced.

------------------------------------------------------------------------------------------------------------------------

[2015-04-27 17:38:31 #1 store] 
Database '/home/asen/ChatProject/dbc:derby:/home/asen/MyDB' has been recovered (tr. 27-27)

[2015-04-27 17:38:31 #2 store] 
Database '/home/asen/ChatProject/dbc:derby:/home/asen/MyDB' is opened by 16089@asen-desktop

[2015-04-27 17:38:31 #3 type] 
Type rest.Data is not enhanced.

------------------------------------------------------------------------------------------------------------------------

[2015-04-27 17:44:21 #1 store] 
Database '/home/asen/ChatProject/dbc:derby:/home/asen/MyDB' has been recovered (tr. 28-28)

[2015-04-27 17:44:21 #2 store] 
Database '/home/asen/ChatProject/dbc:derby:/home/asen/MyDB' is opened by 16351@asen-desktop

[2015-04-27 17:44:21 #3 type] 
Type rest.Data is not enhanced.

------------------------------------------------------------------------------------------------------------------------

[2015-04-27 17:47:49 #1 store] 
Database '/home/asen/ChatProject/dbc:derby:/home/asen/MyDB' has been recovered (tr. 29-29)

[2015-04-27 17:47:49 #2 store] 
Database '/home/asen/ChatProject/dbc:derby:/home/asen/MyDB' is opened by 16523@asen-desktop

[2015-04-27 17:47:49 #3 type] 
Type rest.Data is not enhanced.

------------------------------------------------------------------------------------------------------------------------

[2015-04-27 17:48:16 #1 store] 
Database '/home/asen/ChatProject/dbc:derby:/home/asen/MyDB' is opened by 16555@asen-desktop

[2015-04-27 17:48:16 #2 type] 
Type rest.Data is not enhanced.

------------------------------------------------------------------------------------------------------------------------

[2015-04-27 17:53:32 #1 store] 
Database '/home/asen/ChatProject/dbc:derby:/home/asen/MyDB' is opened by 16759@asen-desktop

[2015-04-27 17:53:32 #2 type] 
Type rest.Data is not enhanced.

------------------------------------------------------------------------------------------------------------------------

[2015-04-27 17:59:29 #1 store] 
Database '/home/asen/ChatProject/dbc:derby:/home/asen/MyDB' has been recovered (tr. 30-30)

[2015-04-27 17:59:29 #2 store] 
Database '/home/asen/ChatProject/dbc:derby:/home/asen/MyDB' is opened by 16995@asen-desktop

[2015-04-27 17:59:29 #3 type] 
Type rest.Data is not enhanced.

------------------------------------------------------------------------------------------------------------------------

[2015-04-27 18:04:43 #1 store] 
Database '/home/asen/ChatProject/dbc:derby:/home/asen/MyDB' has been recovered (tr. 31-32)

[2015-04-27 18:04:43 #2 store] 
Database '/home/asen/ChatProject/dbc:derby:/home/asen/MyDB' is opened by 17250@asen-desktop

[2015-04-27 18:04:43 #3 type] 
Type rest.Data is not enhanced.

------------------------------------------------------------------------------------------------------------------------

[2015-04-27 21:23:53 #1 store] 
Database '/home/asen/ChatProject/jdbc:derby:/localhost:1527/MY_DB' is opened by 19931@asen-desktop

[2015-04-27 21:23:54 #2 type.registry] 
New type rest.Data

[2015-04-27 21:23:54 #3 type] 
Type rest.Data is not enhanced.

------------------------------------------------------------------------------------------------------------------------

[2015-04-27 21:35:51 #1 store] 
Database '/home/asen/ChatProject/jdbc:derby:/localhost:1527/MY_DB' has been recovered (tr. 1-3)

[2015-04-27 21:35:52 #2 store] 
Database '/home/asen/ChatProject/jdbc:derby:/localhost:1527/MY_DB' is opened by 20258@asen-desktop

[2015-04-27 21:35:52 #3 type] 
Type rest.Data is not enhanced.

------------------------------------------------------------------------------------------------------------------------

[2015-04-27 21:36:06 #1 store] 
Database '/home/asen/ChatProject/jdbc:derby:/localhost:1527/MY_DB' is opened by 20280@asen-desktop

[2015-04-27 21:36:06 #2 type] 
Type rest.Data is not enhanced.

